This file contains any messages produced by compilers while
running configure, to aid debugging if configure makes a mistake.

It was created by hyphen configure 2.8.3, which was
generated by GNU Autoconf 2.67.  Invocation command line was

  $ ./configure 

## --------- ##
## Platform. ##
## --------- ##

hostname = jet
uname -m = x86_64
uname -r = 3.2.0-2-amd64
uname -s = Linux
uname -v = #1 SMP Sun Apr 15 16:47:38 UTC 2012

/usr/bin/uname -p = unknown
/bin/uname -X     = unknown

/bin/arch              = unknown
/usr/bin/arch -k       = unknown
/usr/convex/getsysinfo = unknown
/usr/bin/hostinfo      = unknown
/bin/machine           = unknown
/usr/bin/oslevel       = unknown
/bin/universe          = unknown

PATH: /usr/local/bin
PATH: /usr/bin
PATH: /bin
PATH: /usr/bin/X11
PATH: /usr/games
PATH: /home/dedeibel/bin
PATH: /home/dedeibel/ruby_bin
PATH: /home/dedeibel/perl_bin
PATH: /my/games/bin
PATH: /opt/bin
PATH: /home/dedeibel/opt/clojurescript/bin
PATH: /home/dedeibel/opt/android/platform-tools


## ----------- ##
## Core tests. ##
## ----------- ##

configure:2256: checking for a BSD-compatible install
configure:2324: result: /usr/bin/install -c
configure:2335: checking whether build environment is sane
configure:2385: result: yes
configure:2526: checking for a thread-safe mkdir -p
configure:2565: result: /bin/mkdir -p
configure:2578: checking for gawk
configure:2594: found /usr/bin/gawk
configure:2605: result: gawk
configure:2616: checking whether make sets $(MAKE)
configure:2638: result: yes
configure:2766: checking for gcc
configure:2782: found /usr/bin/gcc
configure:2793: result: gcc
configure:3022: checking for C compiler version
configure:3031: gcc --version >&5
gcc (Debian 4.6.3-1) 4.6.3
Copyright (C) 2011 Free Software Foundation, Inc.
This is free software; see the source for copying conditions.  There is NO
warranty; not even for MERCHANTABILITY or FITNESS FOR A PARTICULAR PURPOSE.

configure:3042: $? = 0
configure:3031: gcc -v >&5
Using built-in specs.
COLLECT_GCC=gcc
COLLECT_LTO_WRAPPER=/usr/lib/gcc/x86_64-linux-gnu/4.6/lto-wrapper
Target: x86_64-linux-gnu
Configured with: ../src/configure -v --with-pkgversion='Debian 4.6.3-1' --with-bugurl=file:///usr/share/doc/gcc-4.6/README.Bugs --enable-languages=c,c++,fortran,objc,obj-c++,go --prefix=/usr --program-suffix=-4.6 --enable-shared --enable-linker-build-id --with-system-zlib --libexecdir=/usr/lib --without-included-gettext --enable-threads=posix --with-gxx-include-dir=/usr/include/c++/4.6 --libdir=/usr/lib --enable-nls --with-sysroot=/ --enable-clocale=gnu --enable-libstdcxx-debug --enable-libstdcxx-time=yes --enable-plugin --enable-objc-gc --with-arch-32=i586 --with-tune=generic --enable-checking=release --build=x86_64-linux-gnu --host=x86_64-linux-gnu --target=x86_64-linux-gnu
Thread model: posix
gcc version 4.6.3 (Debian 4.6.3-1) 
configure:3042: $? = 0
configure:3031: gcc -V >&5
gcc: error: unrecognized option '-V'
gcc: fatal error: no input files
compilation terminated.
configure:3042: $? = 4
configure:3031: gcc -qversion >&5
gcc: error: unrecognized option '-qversion'
gcc: fatal error: no input files
compilation terminated.
configure:3042: $? = 4
configure:3062: checking whether the C compiler works
configure:3084: gcc    conftest.c  >&5
configure:3088: $? = 0
configure:3136: result: yes
configure:3139: checking for C compiler default output file name
configure:3141: result: a.out
configure:3147: checking for suffix of executables
configure:3154: gcc -o conftest    conftest.c  >&5
configure:3158: $? = 0
configure:3180: result: 
configure:3202: checking whether we are cross compiling
configure:3210: gcc -o conftest    conftest.c  >&5
configure:3214: $? = 0
configure:3221: ./conftest
configure:3225: $? = 0
configure:3240: result: no
configure:3245: checking for suffix of object files
configure:3267: gcc -c   conftest.c >&5
configure:3271: $? = 0
configure:3292: result: o
configure:3296: checking whether we are using the GNU C compiler
configure:3315: gcc -c   conftest.c >&5
configure:3315: $? = 0
configure:3324: result: yes
configure:3333: checking whether gcc accepts -g
configure:3353: gcc -c -g  conftest.c >&5
configure:3353: $? = 0
configure:3394: result: yes
configure:3411: checking for gcc option to accept ISO C89
configure:3475: gcc  -c -g -O2  conftest.c >&5
configure:3475: $? = 0
configure:3488: result: none needed
configure:3519: checking for style of include used by make
configure:3547: result: GNU
configure:3572: checking dependency style of gcc
configure:3682: result: gcc3
configure:3727: checking build system type
configure:3741: result: x86_64-unknown-linux-gnu
configure:3761: checking host system type
configure:3774: result: x86_64-unknown-linux-gnu
configure:3794: checking for a sed that does not truncate output
configure:3858: result: /bin/sed
configure:3876: checking for grep that handles long lines and -e
configure:3934: result: /bin/grep
configure:3939: checking for egrep
configure:4001: result: /bin/grep -E
configure:4006: checking for fgrep
configure:4068: result: /bin/grep -F
configure:4103: checking for ld used by gcc
configure:4170: result: /usr/bin/ld
configure:4177: checking if the linker (/usr/bin/ld) is GNU ld
configure:4192: result: yes
configure:4204: checking for BSD- or MS-compatible name lister (nm)
configure:4253: result: /usr/bin/nm -B
configure:4371: checking the name lister (/usr/bin/nm -B) interface
configure:4378: gcc -c -g -O2  conftest.c >&5
configure:4381: /usr/bin/nm -B "conftest.o"
configure:4384: output
0000000000000000 B some_variable
configure:4391: result: BSD nm
configure:4394: checking whether ln -s works
configure:4398: result: yes
configure:4406: checking the maximum length of command line arguments
configure:4526: result: 1572864
configure:4543: checking whether the shell understands some XSI constructs
configure:4553: result: yes
configure:4557: checking whether the shell understands "+="
configure:4563: result: yes
configure:4598: checking for /usr/bin/ld option to reload object files
configure:4605: result: -r
configure:4674: checking for objdump
configure:4690: found /usr/bin/objdump
configure:4701: result: objdump
configure:4733: checking how to recognize dependent libraries
configure:4929: result: pass_all
configure:4989: checking for ar
configure:5005: found /usr/bin/ar
configure:5016: result: ar
configure:5094: checking for strip
configure:5110: found /usr/bin/strip
configure:5121: result: strip
configure:5193: checking for ranlib
configure:5209: found /usr/bin/ranlib
configure:5220: result: ranlib
configure:5310: checking command to parse /usr/bin/nm -B output from gcc object
configure:5428: gcc -c -g -O2  conftest.c >&5
configure:5431: $? = 0
configure:5435: /usr/bin/nm -B conftest.o \| sed -n -e 's/^.*[	 ]\([ABCDGIRSTW][ABCDGIRSTW]*\)[	 ][	 ]*\([_A-Za-z][_A-Za-z0-9]*\)$/\1 \2 \2/p' \> conftest.nm
configure:5438: $? = 0
configure:5492: gcc -o conftest -g -O2   conftest.c conftstm.o >&5
configure:5495: $? = 0
configure:5533: result: ok
configure:5629: gcc -c -g -O2  conftest.c >&5
configure:5632: $? = 0
configure:6342: checking how to run the C preprocessor
configure:6373: gcc -E  conftest.c
configure:6373: $? = 0
configure:6387: gcc -E  conftest.c
conftest.c:11:28: fatal error: ac_nonexistent.h: No such file or directory
compilation terminated.
configure:6387: $? = 1
configure: failed program was:
| /* confdefs.h */
| #define PACKAGE_NAME "hyphen"
| #define PACKAGE_TARNAME "hyphen"
| #define PACKAGE_VERSION "2.8.3"
| #define PACKAGE_STRING "hyphen 2.8.3"
| #define PACKAGE_BUGREPORT "nemeth@numbertext.org"
| #define PACKAGE_URL ""
| #define PACKAGE "hyphen"
| #define VERSION "2.8.3"
| /* end confdefs.h.  */
| #include <ac_nonexistent.h>
configure:6412: result: gcc -E
configure:6432: gcc -E  conftest.c
configure:6432: $? = 0
configure:6446: gcc -E  conftest.c
conftest.c:11:28: fatal error: ac_nonexistent.h: No such file or directory
compilation terminated.
configure:6446: $? = 1
configure: failed program was:
| /* confdefs.h */
| #define PACKAGE_NAME "hyphen"
| #define PACKAGE_TARNAME "hyphen"
| #define PACKAGE_VERSION "2.8.3"
| #define PACKAGE_STRING "hyphen 2.8.3"
| #define PACKAGE_BUGREPORT "nemeth@numbertext.org"
| #define PACKAGE_URL ""
| #define PACKAGE "hyphen"
| #define VERSION "2.8.3"
| /* end confdefs.h.  */
| #include <ac_nonexistent.h>
configure:6475: checking for ANSI C header files
configure:6495: gcc -c -g -O2  conftest.c >&5
configure:6495: $? = 0
configure:6568: gcc -o conftest -g -O2   conftest.c  >&5
configure:6568: $? = 0
configure:6568: ./conftest
configure:6568: $? = 0
configure:6579: result: yes
configure:6592: checking for sys/types.h
configure:6592: gcc -c -g -O2  conftest.c >&5
configure:6592: $? = 0
configure:6592: result: yes
configure:6592: checking for sys/stat.h
configure:6592: gcc -c -g -O2  conftest.c >&5
configure:6592: $? = 0
configure:6592: result: yes
configure:6592: checking for stdlib.h
configure:6592: gcc -c -g -O2  conftest.c >&5
configure:6592: $? = 0
configure:6592: result: yes
configure:6592: checking for string.h
configure:6592: gcc -c -g -O2  conftest.c >&5
configure:6592: $? = 0
configure:6592: result: yes
configure:6592: checking for memory.h
configure:6592: gcc -c -g -O2  conftest.c >&5
configure:6592: $? = 0
configure:6592: result: yes
configure:6592: checking for strings.h
configure:6592: gcc -c -g -O2  conftest.c >&5
configure:6592: $? = 0
configure:6592: result: yes
configure:6592: checking for inttypes.h
configure:6592: gcc -c -g -O2  conftest.c >&5
configure:6592: $? = 0
configure:6592: result: yes
configure:6592: checking for stdint.h
configure:6592: gcc -c -g -O2  conftest.c >&5
configure:6592: $? = 0
configure:6592: result: yes
configure:6592: checking for unistd.h
configure:6592: gcc -c -g -O2  conftest.c >&5
configure:6592: $? = 0
configure:6592: result: yes
configure:6606: checking for dlfcn.h
configure:6606: gcc -c -g -O2  conftest.c >&5
configure:6606: $? = 0
configure:6606: result: yes
configure:6790: checking for objdir
configure:6805: result: .libs
configure:7097: checking if gcc supports -fno-rtti -fno-exceptions
configure:7115: gcc -c -g -O2  -fno-rtti -fno-exceptions conftest.c >&5
cc1: warning: command line option '-fno-rtti' is valid for C++/ObjC++ but not for C [enabled by default]
configure:7119: $? = 0
configure:7132: result: no
configure:7152: checking for gcc option to produce PIC
configure:7424: result: -fPIC -DPIC
configure:7436: checking if gcc PIC flag -fPIC -DPIC works
configure:7454: gcc -c -g -O2  -fPIC -DPIC -DPIC conftest.c >&5
configure:7458: $? = 0
configure:7471: result: yes
configure:7495: checking if gcc static flag -static works
configure:7523: result: yes
configure:7538: checking if gcc supports -c -o file.o
configure:7559: gcc -c -g -O2  -o out/conftest2.o conftest.c >&5
configure:7563: $? = 0
configure:7585: result: yes
configure:7593: checking if gcc supports -c -o file.o
configure:7640: result: yes
configure:7673: checking whether the gcc linker (/usr/bin/ld -m elf_x86_64) supports shared libraries
configure:8664: result: yes
configure:8701: checking whether -lc should be explicitly linked in
configure:8706: gcc -c -g -O2  conftest.c >&5
configure:8709: $? = 0
configure:8724: gcc -shared conftest.o  -v -Wl,-soname -Wl,conftest -o conftest 2\>\&1 \| /bin/grep  -lc  \>/dev/null 2\>\&1
configure:8727: $? = 0
configure:8739: result: no
configure:8903: checking dynamic linker characteristics
configure:9336: gcc -o conftest -g -O2   -Wl,-rpath -Wl,/foo conftest.c  >&5
configure:9336: $? = 0
configure:9566: result: GNU/Linux ld.so
configure:9668: checking how to hardcode library paths into programs
configure:9693: result: immediate
configure:10213: checking whether stripping libraries is possible
configure:10218: result: yes
configure:10253: checking if libtool supports shared libraries
configure:10255: result: yes
configure:10258: checking whether to build shared libraries
configure:10279: result: yes
configure:10282: checking whether to build static libraries
configure:10286: result: yes
configure:10479: creating ./config.status

## ---------------------- ##
## Running config.status. ##
## ---------------------- ##

This file was extended by hyphen config.status 2.8.3, which was
generated by GNU Autoconf 2.67.  Invocation command line was

  CONFIG_FILES    = 
  CONFIG_HEADERS  = 
  CONFIG_LINKS    = 
  CONFIG_COMMANDS = 
  $ ./config.status 

on jet

config.status:993: creating Makefile
config.status:993: creating doc/Makefile
config.status:993: creating tests/Makefile
config.status:1164: executing depfiles commands
config.status:1164: executing libtool commands

## ---------------- ##
## Cache variables. ##
## ---------------- ##

ac_cv_build=x86_64-unknown-linux-gnu
ac_cv_c_compiler_gnu=yes
ac_cv_env_CC_set=
ac_cv_env_CC_value=
ac_cv_env_CFLAGS_set=
ac_cv_env_CFLAGS_value=
ac_cv_env_CPPFLAGS_set=
ac_cv_env_CPPFLAGS_value=
ac_cv_env_CPP_set=
ac_cv_env_CPP_value=
ac_cv_env_LDFLAGS_set=
ac_cv_env_LDFLAGS_value=
ac_cv_env_LIBS_set=
ac_cv_env_LIBS_value=
ac_cv_env_build_alias_set=
ac_cv_env_build_alias_value=
ac_cv_env_host_alias_set=
ac_cv_env_host_alias_value=
ac_cv_env_target_alias_set=
ac_cv_env_target_alias_value=
ac_cv_header_dlfcn_h=yes
ac_cv_header_inttypes_h=yes
ac_cv_header_memory_h=yes
ac_cv_header_stdc=yes
ac_cv_header_stdint_h=yes
ac_cv_header_stdlib_h=yes
ac_cv_header_string_h=yes
ac_cv_header_strings_h=yes
ac_cv_header_sys_stat_h=yes
ac_cv_header_sys_types_h=yes
ac_cv_header_unistd_h=yes
ac_cv_host=x86_64-unknown-linux-gnu
ac_cv_objext=o
ac_cv_path_EGREP='/bin/grep -E'
ac_cv_path_FGREP='/bin/grep -F'
ac_cv_path_GREP=/bin/grep
ac_cv_path_SED=/bin/sed
ac_cv_path_install='/usr/bin/install -c'
ac_cv_path_mkdir=/bin/mkdir
ac_cv_prog_AWK=gawk
ac_cv_prog_CPP='gcc -E'
ac_cv_prog_ac_ct_AR=ar
ac_cv_prog_ac_ct_CC=gcc
ac_cv_prog_ac_ct_OBJDUMP=objdump
ac_cv_prog_ac_ct_RANLIB=ranlib
ac_cv_prog_ac_ct_STRIP=strip
ac_cv_prog_cc_c89=
ac_cv_prog_cc_g=yes
ac_cv_prog_make_make_set=yes
am_cv_CC_dependencies_compiler_type=gcc3
lt_cv_deplibs_check_method=pass_all
lt_cv_file_magic_cmd='$MAGIC_CMD'
lt_cv_file_magic_test_file=
lt_cv_ld_reload_flag=-r
lt_cv_nm_interface='BSD nm'
lt_cv_objdir=.libs
lt_cv_path_LD=/usr/bin/ld
lt_cv_path_NM='/usr/bin/nm -B'
lt_cv_prog_compiler_c_o=yes
lt_cv_prog_compiler_pic_works=yes
lt_cv_prog_compiler_rtti_exceptions=no
lt_cv_prog_compiler_static_works=yes
lt_cv_prog_gnu_ld=yes
lt_cv_sys_global_symbol_pipe='sed -n -e '\''s/^.*[	 ]\([ABCDGIRSTW][ABCDGIRSTW]*\)[	 ][	 ]*\([_A-Za-z][_A-Za-z0-9]*\)$/\1 \2 \2/p'\'''
lt_cv_sys_global_symbol_to_c_name_address='sed -n -e '\''s/^: \([^ ]*\) $/  {\"\1\", (void *) 0},/p'\'' -e '\''s/^[ABCDGIRSTW]* \([^ ]*\) \([^ ]*\)$/  {"\2", (void *) \&\2},/p'\'''
lt_cv_sys_global_symbol_to_c_name_address_lib_prefix='sed -n -e '\''s/^: \([^ ]*\) $/  {\"\1\", (void *) 0},/p'\'' -e '\''s/^[ABCDGIRSTW]* \([^ ]*\) \(lib[^ ]*\)$/  {"\2", (void *) \&\2},/p'\'' -e '\''s/^[ABCDGIRSTW]* \([^ ]*\) \([^ ]*\)$/  {"lib\2", (void *) \&\2},/p'\'''
lt_cv_sys_global_symbol_to_cdecl='sed -n -e '\''s/^T .* \(.*\)$/extern int \1();/p'\'' -e '\''s/^[ABCDGIRSTW]* .* \(.*\)$/extern char \1;/p'\'''
lt_cv_sys_max_cmd_len=1572864

## ----------------- ##
## Output variables. ##
## ----------------- ##

ACLOCAL='${SHELL} /home/dedeibel/src/hunspelljna/native-src/hyphen-2.8.3/missing --run aclocal-1.11'
AMDEPBACKSLASH='\'
AMDEP_FALSE='#'
AMDEP_TRUE=''
AMTAR='${SHELL} /home/dedeibel/src/hunspelljna/native-src/hyphen-2.8.3/missing --run tar'
AR='ar'
AUTOCONF='${SHELL} /home/dedeibel/src/hunspelljna/native-src/hyphen-2.8.3/missing --run autoconf'
AUTOHEADER='${SHELL} /home/dedeibel/src/hunspelljna/native-src/hyphen-2.8.3/missing --run autoheader'
AUTOMAKE='${SHELL} /home/dedeibel/src/hunspelljna/native-src/hyphen-2.8.3/missing --run automake-1.11'
AWK='gawk'
CC='gcc'
CCDEPMODE='depmode=gcc3'
CFLAGS='-g -O2'
CPP='gcc -E'
CPPFLAGS=''
CYGPATH_W='echo'
DEFS='-DPACKAGE_NAME=\"hyphen\" -DPACKAGE_TARNAME=\"hyphen\" -DPACKAGE_VERSION=\"2.8.3\" -DPACKAGE_STRING=\"hyphen\ 2.8.3\" -DPACKAGE_BUGREPORT=\"nemeth@numbertext.org\" -DPACKAGE_URL=\"\" -DPACKAGE=\"hyphen\" -DVERSION=\"2.8.3\" -DSTDC_HEADERS=1 -DHAVE_SYS_TYPES_H=1 -DHAVE_SYS_STAT_H=1 -DHAVE_STDLIB_H=1 -DHAVE_STRING_H=1 -DHAVE_MEMORY_H=1 -DHAVE_STRINGS_H=1 -DHAVE_INTTYPES_H=1 -DHAVE_STDINT_H=1 -DHAVE_UNISTD_H=1 -DHAVE_DLFCN_H=1 -DLT_OBJDIR=\".libs/\"'
DEPDIR='.deps'
DSYMUTIL=''
DUMPBIN=''
ECHO_C=''
ECHO_N='-n'
ECHO_T=''
EGREP='/bin/grep -E'
EXEEXT=''
FGREP='/bin/grep -F'
GREP='/bin/grep'
INSTALL_DATA='${INSTALL} -m 644'
INSTALL_PROGRAM='${INSTALL}'
INSTALL_SCRIPT='${INSTALL}'
INSTALL_STRIP_PROGRAM='$(install_sh) -c -s'
LD='/usr/bin/ld -m elf_x86_64'
LDFLAGS=''
LIBOBJS=''
LIBS=''
LIBTOOL='$(SHELL) $(top_builddir)/libtool'
LIPO=''
LN_S='ln -s'
LTLIBOBJS=''
MAKEINFO='${SHELL} /home/dedeibel/src/hunspelljna/native-src/hyphen-2.8.3/missing --run makeinfo'
MKDIR_P='/bin/mkdir -p'
NM='/usr/bin/nm -B'
NMEDIT=''
OBJDUMP='objdump'
OBJEXT='o'
OTOOL64=''
OTOOL=''
PACKAGE='hyphen'
PACKAGE_BUGREPORT='nemeth@numbertext.org'
PACKAGE_NAME='hyphen'
PACKAGE_STRING='hyphen 2.8.3'
PACKAGE_TARNAME='hyphen'
PACKAGE_URL=''
PACKAGE_VERSION='2.8.3'
PATH_SEPARATOR=':'
RANLIB='ranlib'
SED='/bin/sed'
SET_MAKE=''
SHELL='/bin/bash'
STRIP='strip'
VERSION='2.8.3'
ac_ct_CC='gcc'
ac_ct_DUMPBIN=''
am__EXEEXT_FALSE=''
am__EXEEXT_TRUE='#'
am__fastdepCC_FALSE='#'
am__fastdepCC_TRUE=''
am__include='include'
am__isrc=''
am__leading_dot='.'
am__quote=''
am__tar='${AMTAR} chof - "$$tardir"'
am__untar='${AMTAR} xf -'
bindir='${exec_prefix}/bin'
build='x86_64-unknown-linux-gnu'
build_alias=''
build_cpu='x86_64'
build_os='linux-gnu'
build_vendor='unknown'
datadir='${datarootdir}'
datarootdir='${prefix}/share'
docdir='${datarootdir}/doc/${PACKAGE_TARNAME}'
dvidir='${docdir}'
exec_prefix='${prefix}'
host='x86_64-unknown-linux-gnu'
host_alias=''
host_cpu='x86_64'
host_os='linux-gnu'
host_vendor='unknown'
htmldir='${docdir}'
includedir='${prefix}/include'
infodir='${datarootdir}/info'
install_sh='${SHELL} /home/dedeibel/src/hunspelljna/native-src/hyphen-2.8.3/install-sh'
libdir='${exec_prefix}/lib'
libexecdir='${exec_prefix}/libexec'
localedir='${datarootdir}/locale'
localstatedir='${prefix}/var'
lt_ECHO='echo'
mandir='${datarootdir}/man'
mkdir_p='/bin/mkdir -p'
oldincludedir='/usr/include'
pdfdir='${docdir}'
prefix='/usr/local'
program_transform_name='s,x,x,'
psdir='${docdir}'
sbindir='${exec_prefix}/sbin'
sharedstatedir='${prefix}/com'
sysconfdir='${prefix}/etc'
target_alias=''

## ----------- ##
## confdefs.h. ##
## ----------- ##

/* confdefs.h */
#define PACKAGE_NAME "hyphen"
#define PACKAGE_TARNAME "hyphen"
#define PACKAGE_VERSION "2.8.3"
#define PACKAGE_STRING "hyphen 2.8.3"
#define PACKAGE_BUGREPORT "nemeth@numbertext.org"
#define PACKAGE_URL ""
#define PACKAGE "hyphen"
#define VERSION "2.8.3"
#define STDC_HEADERS 1
#define HAVE_SYS_TYPES_H 1
#define HAVE_SYS_STAT_H 1
#define HAVE_STDLIB_H 1
#define HAVE_STRING_H 1
#define HAVE_MEMORY_H 1
#define HAVE_STRINGS_H 1
#define HAVE_INTTYPES_H 1
#define HAVE_STDINT_H 1
#define HAVE_UNISTD_H 1
#define HAVE_DLFCN_H 1
#define LT_OBJDIR ".libs/"

configure: exit 0
